  me_CCA.cpp
F:\515_resource\历届学生\杨文辉\9.毕业\大论文\code & date\DSI_WIN\cca\me_CCA.h(1,1): warning C4819: 该文件包含不能在当前代码页(936)中表示的字符。请将该文件保存为 Unicode 格式以防止数据丢失
F:\515_resource\历届学生\杨文辉\9.毕业\大论文\code & date\DSI_WIN\cca\me_CCA.h(9,10): fatal error C1083: 无法打开包括文件: “CCA/rt_nonfinite.h”: No such file or directory
  rtGetInf.cpp
  rtGetNaN.cpp
  rt_nonfinite.cpp
  impedancechart.cpp
F:\515_resource\历届学生\杨文辉\9.毕业\大论文\code & date\DSI_WIN\chart\impedancechart.cpp(1,1): warning C4819: 该文件包含不能在当前代码页(936)中表示的字符。请将该文件保存为 Unicode 格式以防止数据丢失
F:\515_resource\历届学生\杨文辉\9.毕业\大论文\code & date\DSI_WIN\chart\impedancechart.h(4,10): fatal error C1083: 无法打开包括文件: “QWidget”: No such file or directory
  qcustomplot.cpp
F:\515_resource\历届学生\杨文辉\9.毕业\大论文\code & date\DSI_WIN\chart\qcustomplot.h(29,10): fatal error C1083: 无法打开包括文件: “QObject”: No such file or directory
  signalchart.cpp
F:\515_resource\历届学生\杨文辉\9.毕业\大论文\code & date\DSI_WIN\chart\signalchart.cpp(1,1): warning C4819: 该文件包含不能在当前代码页(936)中表示的字符。请将该文件保存为 Unicode 格式以防止数据丢失
F:\515_resource\历届学生\杨文辉\9.毕业\大论文\code & date\DSI_WIN\chart\signalchart.h(4,10): fatal error C1083: 无法打开包括文件: “QWidget”: No such file or directory
  csp_rec_ovo.cpp
F:\515_resource\历届学生\杨文辉\9.毕业\大论文\code & date\DSI_WIN\csp\csp_rec_ovo.cpp(2,10): fatal error C1083: 无法打开包括文件: “CCA/rt_nonfinite.h”: No such file or directory
  csp_train_ovo.cpp
F:\515_resource\历届学生\杨文辉\9.毕业\大论文\code & date\DSI_WIN\csp\csp_train_ovo.cpp(2,10): fatal error C1083: 无法打开包括文件: “CCA/rt_nonfinite.h”: No such file or directory
  dialog.cpp
F:\515_resource\历届学生\杨文辉\9.毕业\大论文\code & date\DSI_WIN\dialog.cpp(1,1): warning C4819: 该文件包含不能在当前代码页(936)中表示的字符。请将该文件保存为 Unicode 格式以防止数据丢失
F:\515_resource\历届学生\杨文辉\9.毕业\大论文\code & date\DSI_WIN\dialog.h(1,1): warning C4819: 该文件包含不能在当前代码页(936)中表示的字符。请将该文件保存为 Unicode 格式以防止数据丢失
F:\515_resource\历届学生\杨文辉\9.毕业\大论文\code & date\DSI_WIN\dialog.h(4,10): fatal error C1083: 无法打开包括文件: “QDialog”: No such file or directory
  alorithmswitch.cpp
F:\515_resource\历届学生\杨文辉\9.毕业\大论文\code & date\DSI_WIN\dsiapi\alorithmswitch.cpp(1,1): warning C4819: 该文件包含不能在当前代码页(936)中表示的字符。请将该文件保存为 Unicode 格式以防止数据丢失
F:\515_resource\历届学生\杨文辉\9.毕业\大论文\code & date\DSI_WIN\dsiapi\alorithmswitch.h(1,1): warning C4819: 该文件包含不能在当前代码页(936)中表示的字符。请将该文件保存为 Unicode 格式以防止数据丢失
F:\515_resource\历届学生\杨文辉\9.毕业\大论文\code & date\DSI_WIN\dsiapi\alorithmswitch.h(4,10): fatal error C1083: 无法打开包括文件: “QObject”: No such file or directory
  csp_train.cpp
F:\515_resource\历届学生\杨文辉\9.毕业\大论文\code & date\DSI_WIN\dsiapi\csp_train.cpp(1,1): warning C4819: 该文件包含不能在当前代码页(936)中表示的字符。请将该文件保存为 Unicode 格式以防止数据丢失
F:\515_resource\历届学生\杨文辉\9.毕业\大论文\code & date\DSI_WIN\dsiapi\csp_train.h(5,10): fatal error C1083: 无法打开包括文件: “CSP/csp_train_ovo.h”: No such file or directory
  dsi_main.cpp
F:\515_resource\历届学生\杨文辉\9.毕业\大论文\code & date\DSI_WIN\dsiapi\dsi_main.cpp(1,1): warning C4819: 该文件包含不能在当前代码页(936)中表示的字符。请将该文件保存为 Unicode 格式以防止数据丢失
F:\515_resource\历届学生\杨文辉\9.毕业\大论文\code & date\DSI_WIN\dsiapi\dsi_main.h(1,1): warning C4819: 该文件包含不能在当前代码页(936)中表示的字符。请将该文件保存为 Unicode 格式以防止数据丢失
F:\515_resource\历届学生\杨文辉\9.毕业\大论文\code & date\DSI_WIN\dsiapi\dsi_main.h(4,10): fatal error C1083: 无法打开包括文件: “QObject”: No such file or directory
  state_command.cpp
F:\515_resource\历届学生\杨文辉\9.毕业\大论文\code & date\DSI_WIN\dsiapi\state_command.cpp(1,1): warning C4819: 该文件包含不能在当前代码页(936)中表示的字符。请将该文件保存为 Unicode 格式以防止数据丢失
F:\515_resource\历届学生\杨文辉\9.毕业\大论文\code & date\DSI_WIN\dsiapi\state_command.h(4,10): fatal error C1083: 无法打开包括文件: “DSIAPI/dataform.h”: No such file or directory
  motorimagery.cpp
F:\515_resource\历届学生\杨文辉\9.毕业\大论文\code & date\DSI_WIN\fftw\motorimagery.cpp(1,1): warning C4819: 该文件包含不能在当前代码页(936)中表示的字符。请将该文件保存为 Unicode 格式以防止数据丢失
F:\515_resource\历届学生\杨文辉\9.毕业\大论文\code & date\DSI_WIN\fftw\motorimagery.h(1,1): warning C4819: 该文件包含不能在当前代码页(936)中表示的字符。请将该文件保存为 Unicode 格式以防止数据丢失
F:\515_resource\历届学生\杨文辉\9.毕业\大论文\code & date\DSI_WIN\fftw\motorimagery.h(4,10): fatal error C1083: 无法打开包括文件: “QObject”: No such file or directory
  main.cpp
F:\515_resource\历届学生\杨文辉\9.毕业\大论文\code & date\DSI_WIN\dialog.h(1,1): warning C4819: 该文件包含不能在当前代码页(936)中表示的字符。请将该文件保存为 Unicode 格式以防止数据丢失
F:\515_resource\历届学生\杨文辉\9.毕业\大论文\code & date\DSI_WIN\dialog.h(4,10): fatal error C1083: 无法打开包括文件: “QDialog”: No such file or directory
  saveeeg.cpp
F:\515_resource\历届学生\杨文辉\9.毕业\大论文\code & date\DSI_WIN\offline\saveeeg.cpp(1,1): warning C4819: 该文件包含不能在当前代码页(936)中表示的字符。请将该文件保存为 Unicode 格式以防止数据丢失
F:\515_resource\历届学生\杨文辉\9.毕业\大论文\code & date\DSI_WIN\offline\saveeeg.h(4,10): fatal error C1083: 无法打开包括文件: “QWidget”: No such file or directory
  paradigm.cpp
F:\515_resource\历届学生\杨文辉\9.毕业\大论文\code & date\DSI_WIN\paradigm\paradigm.cpp(1,1): warning C4819: 该文件包含不能在当前代码页(936)中表示的字符。请将该文件保存为 Unicode 格式以防止数据丢失
F:\515_resource\历届学生\杨文辉\9.毕业\大论文\code & date\DSI_WIN\paradigm\paradigm.h(4,10): fatal error C1083: 无法打开包括文件: “QWidget”: No such file or directory
  rehabilitativeusart.cpp
F:\515_resource\历届学生\杨文辉\9.毕业\大论文\code & date\DSI_WIN\usart\rehabilitativeusart.cpp(1,1): warning C4819: 该文件包含不能在当前代码页(936)中表示的字符。请将该文件保存为 Unicode 格式以防止数据丢失
F:\515_resource\历届学生\杨文辉\9.毕业\大论文\code & date\DSI_WIN\usart\rehabilitativeusart.h(1,1): warning C4819: 该文件包含不能在当前代码页(936)中表示的字符。请将该文件保存为 Unicode 格式以防止数据丢失
F:\515_resource\历届学生\杨文辉\9.毕业\大论文\code & date\DSI_WIN\usart\rehabilitativeusart.h(4,10): fatal error C1083: 无法打开包括文件: “QObject”: No such file or directory
  正在生成代码...
